<html>
<head>
<title>TestNG:  Default test</title>
<link href="../testng.css" rel="stylesheet" type="text/css" />
<link href="../my-testng.css" rel="stylesheet" type="text/css" />

<style type="text/css">
.log { display: none;} 
.stack-trace { display: none;} 
</style>
<script type="text/javascript">
<!--
function flip(e) {
  current = e.style.display;
  if (current == 'block') {
    e.style.display = 'none';
    return 0;
  }
  else {
    e.style.display = 'block';
    return 1;
  }
}

function toggleBox(szDivId, elem, msg1, msg2)
{
  var res = -1;  if (document.getElementById) {
    res = flip(document.getElementById(szDivId));
  }
  else if (document.all) {
    // this is the way old msie versions work
    res = flip(document.all[szDivId]);
  }
  if(elem) {
    if(res == 0) elem.innerHTML = msg1; else elem.innerHTML = msg2;
  }

}

function toggleAllBoxes() {
  if (document.getElementsByTagName) {
    d = document.getElementsByTagName('div');
    for (i = 0; i < d.length; i++) {
      if (d[i].className == 'log') {
        flip(d[i]);
      }
    }
  }
}

// -->
</script>

</head>
<body>
<h2 align='center'>Default test</h2><table border='1' align="center">
<tr>
<td>Tests passed/Failed/Skipped:</td><td>0/0/2</td>
</tr><tr>
<td>Started on:</td><td>Fri Aug 23 17:40:19 IST 2019</td>
</tr>
<tr><td>Total time:</td><td>9 seconds (9437 ms)</td>
</tr><tr>
<td>Included groups:</td><td></td>
</tr><tr>
<td>Excluded groups:</td><td></td>
</tr>
</table><p/>
<small><i>(Hover the method name to see the test class name)</i></small><p/>
<table width='100%' border='1' class='invocation-failed'>
<tr><td colspan='4' align='center'><b>FAILED CONFIGURATIONS</b></td></tr>
<tr><td><b>Test method</b></td>
<td width="30%"><b>Exception</b></td>
<td width="10%"><b>Time (seconds)</b></td>
<td><b>Instance</b></td>
</tr>
<tr>
<td title='framework.Fw.be()'><b>be</b><br>Test class: framework.Fw</td>
<td><div><pre>org.openqa.selenium.SessionNotCreatedException: session not created
from disconnected: received Inspector.detached event
  (Session info: chrome=76.0.3809.100)
Build info: version: &apos;3.141.59&apos;, revision: &apos;e82be7d358&apos;, time: &apos;2018-11-14T08:25:53&apos;
System info: host: &apos;QAPLANET-PC&apos;, ip: &apos;192.168.0.139&apos;, os.name: &apos;Windows 7&apos;, os.arch: &apos;x86&apos;, os.version: &apos;6.1&apos;, java.version: &apos;1.8.0_221&apos;
Driver info: driver.version: ChromeDriver
remote stacktrace: Backtrace:
	Ordinal0 [0x01377C93+1473683]
	Ordinal0 [0x012FADB1+961969]
	Ordinal0 [0x012842E3+475875]
	Ordinal0 [0x0127CAD9+445145]
	Ordinal0 [0x0127C6C8+444104]
	Ordinal0 [0x0127C441+443457]
	Ordinal0 [0x0127BA8C+440972]
	Ordinal0 [0x0127B624+439844]
	Ordinal0 [0x0127B5E5+439781]
	Ordinal0 [0x01282B45+469829]
	Ordinal0 [0x0127B59C+439708]
	Ordinal0 [0x0127C0F5+442613]
	Ordinal0 [0x0127BA8C+440972]
	Ordinal0 [0x0127B624+439844]
	Ordinal0 [0x0127B5E5+439781]
	Ordinal0 [0x0128149E+464030]
	Ordinal0 [0x0127B59C+439708]
	Ordinal0 [0x0127C0F5+442613]
	Ordinal0 [0x0127BA8C+440972]
	Ordinal0 [0x0127B624+439844]
	Ordinal0 [0x0127B5E5+439781]
	Ordinal0 [0x0127FC9B+457883]
	Ordinal0 [0x0127B59C+439708]
	Ordinal0 [0x0127C0F5+442613]
	Ordinal0 [0x0127BA8C+440972]
	Ordinal0 [0x0127B624+439844]
	Ordinal0 [0x0127B5E5+439781]
	Ordinal0 [0x0127F487+455815]
	Ordinal0 [0x0127B59C+439708]
	Ordinal0 [0x0127C0F5+442613]
	Ordinal0 [0x0127BA8C+440972]
	Ordinal0 [0x0127B624+439844]
	Ordinal0 [0x0127B5E5+439781]
	Ordinal0 [0x0127827C+426620]
	Ordinal0 [0x0127B59C+439708]
	Ordinal0 [0x0127B484+439428]
	Ordinal0 [0x01284F40+479040]
	Ordinal0 [0x012398FE+170238]
	Ordinal0 [0x01238D1D+167197]
	Ordinal0 [0x0123742B+160811]
	Ordinal0 [0x01220AE6+68326]
	Ordinal0 [0x01221BF0+72688]
	Ordinal0 [0x01221B89+72585]
	Ordinal0 [0x01314B77+1067895]
	GetHandleVerifier [0x01416875+506677]
	GetHandleVerifier [0x01416610+506064]
	GetHandleVerifier [0x0141D1B8+533624]
	GetHandleVerifier [0x0141704A+508682]
	Ordinal0 [0x0130C266+1032806]
	Ordinal0 [0x0130C0DF+1032415]
	Ordinal0 [0x01316A8B+1075851]
	Ordinal0 [0x01316BF3+1076211]
	Ordinal0 [0x01315BA5+1072037]
	BaseThreadInitThunk [0x75F13C45+18]
	RtlInitializeExceptionChain [0x779637F5+239]
	RtlInitializeExceptionChain [0x779637C8+194]

	at sun.reflect.NativeConstructorAccessorImpl.newInstance0(Native Method)
	at sun.reflect.NativeConstructorAccessorImpl.newInstance(NativeConstructorAccessorImpl.java:62)
	at sun.reflect.DelegatingConstructorAccessorImpl.newInstance(DelegatingConstructorAccessorImpl.java:45)
	at java.lang.reflect.Constructor.newInstance(Constructor.java:423)
	at org.openqa.selenium.remote.W3CHandshakeResponse.lambda$errorHandler$0(W3CHandshakeResponse.java:62)
	at org.openqa.selenium.remote.HandshakeResponse.lambda$getResponseFunction$0(HandshakeResponse.java:30)
	at org.openqa.selenium.remote.ProtocolHandshake.lambda$createSession$0(ProtocolHandshake.java:126)
	at java.util.stream.ReferencePipeline$3$1.accept(ReferencePipeline.java:193)
	at java.util.Spliterators$ArraySpliterator.tryAdvance(Spliterators.java:958)
	at java.util.stream.ReferencePipeline.forEachWithCancel(ReferencePipeline.java:126)
	at java.util.stream.AbstractPipeline.copyIntoWithCancel(AbstractPipeline.java:499)
	at java.util.stream.AbstractPipeline.copyInto(AbstractPipeline.java:486)
	at java.util.stream.AbstractPipeline.wrapAndCopyInto(AbstractPipeline.java:472)
	at java.util.stream.FindOps$FindOp.evaluateSequential(FindOps.java:152)
	at java.util.stream.AbstractPipeline.evaluate(AbstractPipeline.java:234)
	at java.util.stream.ReferencePipeline.findFirst(ReferencePipeline.java:464)
	at org.openqa.selenium.remote.ProtocolHandshake.createSession(ProtocolHandshake.java:128)
	at org.openqa.selenium.remote.ProtocolHandshake.createSession(ProtocolHandshake.java:74)
	at org.openqa.selenium.remote.HttpCommandExecutor.execute(HttpCommandExecutor.java:136)
	at org.openqa.selenium.remote.service.DriverCommandExecutor.execute(DriverCommandExecutor.java:83)
	at org.openqa.selenium.remote.RemoteWebDriver.execute(RemoteWebDriver.java:552)
	at org.openqa.selenium.remote.RemoteWebDriver.startSession(RemoteWebDriver.java:213)
	at org.openqa.selenium.remote.RemoteWebDriver.&lt;init&gt;(RemoteWebDriver.java:131)
	at org.openqa.selenium.chrome.ChromeDriver.&lt;init&gt;(ChromeDriver.java:181)
	at org.openqa.selenium.chrome.ChromeDriver.&lt;init&gt;(ChromeDriver.java:168)
	at org.openqa.selenium.chrome.ChromeDriver.&lt;init&gt;(ChromeDriver.java:123)
	at framework.Fw.be(Fw.java:93)
	at sun.reflect.NativeMethodAccessorImpl.invoke0(Native Method)
	at sun.reflect.NativeMethodAccessorImpl.invoke(NativeMethodAccessorImpl.java:62)
	at sun.reflect.DelegatingMethodAccessorImpl.invoke(DelegatingMethodAccessorImpl.java:43)
	at java.lang.reflect.Method.invoke(Method.java:498)
	at org.testng.internal.MethodInvocationHelper.invokeMethod(MethodInvocationHelper.java:86)
	at org.testng.internal.Invoker.invokeConfigurationMethod(Invoker.java:514)
	at org.testng.internal.Invoker.invokeConfigurations(Invoker.java:215)
	at org.testng.internal.Invoker.invokeMethod(Invoker.java:589)
	at org.testng.internal.Invoker.invokeTestMethod(Invoker.java:822)
	at org.testng.internal.Invoker.invokeTestMethods(Invoker.java:1130)
	at org.testng.internal.TestMethodWorker.invokeTestMethods(TestMethodWorker.java:129)
	at org.testng.internal.TestMethodWorker.run(TestMethodWorker.java:112)
	at org.testng.TestRunner.privateRun(TestRunner.java:782)
	at org.testng.TestRunner.run(TestRunner.java:632)
	at org.testng.SuiteRunner.runTest(SuiteRunner.java:366)
	at org.testng.SuiteRunner.runSequentially(SuiteRunner.java:361)
	at org.testng.SuiteRunner.privateRun(SuiteRunner.java:319)
	at org.testng.SuiteRunner.run(SuiteRunner.java:268)
	at org.testng.SuiteRunnerWorker.runSuite(SuiteRunnerWorker.java:52)
	at org.testng.SuiteRunnerWorker.run(SuiteRunnerWorker.java:86)
	at org.testng.TestNG.runSuitesSequentially(TestNG.java:1244)
	at org.testng.TestNG.runSuitesLocally(TestNG.java:1169)
	at org.testng.TestNG.run(TestNG.java:1064)
	at org.testng.remote.RemoteTestNG.run(RemoteTestNG.java:113)
	at org.testng.remote.RemoteTestNG.initAndRun(RemoteTestNG.java:206)
	at org.testng.remote.RemoteTestNG.main(RemoteTestNG.java:177)
</pre></div><a href='#' onClick='toggleBox("stack-trace13577701", this, "Click to show all stack frames", "Click to hide stack frames")'>Click to show all stack frames</a>
<div class='stack-trace' id='stack-trace13577701'><pre>org.openqa.selenium.SessionNotCreatedException: session not created
from disconnected: received Inspector.detached event
  (Session info: chrome=76.0.3809.100)
Build info: version: &apos;3.141.59&apos;, revision: &apos;e82be7d358&apos;, time: &apos;2018-11-14T08:25:53&apos;
System info: host: &apos;QAPLANET-PC&apos;, ip: &apos;192.168.0.139&apos;, os.name: &apos;Windows 7&apos;, os.arch: &apos;x86&apos;, os.version: &apos;6.1&apos;, java.version: &apos;1.8.0_221&apos;
Driver info: driver.version: ChromeDriver
remote stacktrace: Backtrace:
	Ordinal0 [0x01377C93+1473683]
	Ordinal0 [0x012FADB1+961969]
	Ordinal0 [0x012842E3+475875]
	Ordinal0 [0x0127CAD9+445145]
	Ordinal0 [0x0127C6C8+444104]
	Ordinal0 [0x0127C441+443457]
	Ordinal0 [0x0127BA8C+440972]
	Ordinal0 [0x0127B624+439844]
	Ordinal0 [0x0127B5E5+439781]
	Ordinal0 [0x01282B45+469829]
	Ordinal0 [0x0127B59C+439708]
	Ordinal0 [0x0127C0F5+442613]
	Ordinal0 [0x0127BA8C+440972]
	Ordinal0 [0x0127B624+439844]
	Ordinal0 [0x0127B5E5+439781]
	Ordinal0 [0x0128149E+464030]
	Ordinal0 [0x0127B59C+439708]
	Ordinal0 [0x0127C0F5+442613]
	Ordinal0 [0x0127BA8C+440972]
	Ordinal0 [0x0127B624+439844]
	Ordinal0 [0x0127B5E5+439781]
	Ordinal0 [0x0127FC9B+457883]
	Ordinal0 [0x0127B59C+439708]
	Ordinal0 [0x0127C0F5+442613]
	Ordinal0 [0x0127BA8C+440972]
	Ordinal0 [0x0127B624+439844]
	Ordinal0 [0x0127B5E5+439781]
	Ordinal0 [0x0127F487+455815]
	Ordinal0 [0x0127B59C+439708]
	Ordinal0 [0x0127C0F5+442613]
	Ordinal0 [0x0127BA8C+440972]
	Ordinal0 [0x0127B624+439844]
	Ordinal0 [0x0127B5E5+439781]
	Ordinal0 [0x0127827C+426620]
	Ordinal0 [0x0127B59C+439708]
	Ordinal0 [0x0127B484+439428]
	Ordinal0 [0x01284F40+479040]
	Ordinal0 [0x012398FE+170238]
	Ordinal0 [0x01238D1D+167197]
	Ordinal0 [0x0123742B+160811]
	Ordinal0 [0x01220AE6+68326]
	Ordinal0 [0x01221BF0+72688]
	Ordinal0 [0x01221B89+72585]
	Ordinal0 [0x01314B77+1067895]
	GetHandleVerifier [0x01416875+506677]
	GetHandleVerifier [0x01416610+506064]
	GetHandleVerifier [0x0141D1B8+533624]
	GetHandleVerifier [0x0141704A+508682]
	Ordinal0 [0x0130C266+1032806]
	Ordinal0 [0x0130C0DF+1032415]
	Ordinal0 [0x01316A8B+1075851]
	Ordinal0 [0x01316BF3+1076211]
	Ordinal0 [0x01315BA5+1072037]
	BaseThreadInitThunk [0x75F13C45+18]
	RtlInitializeExceptionChain [0x779637F5+239]
	RtlInitializeExceptionChain [0x779637C8+194]

	at sun.reflect.NativeConstructorAccessorImpl.newInstance0(Native Method)
	at sun.reflect.NativeConstructorAccessorImpl.newInstance(NativeConstructorAccessorImpl.java:62)
	at sun.reflect.DelegatingConstructorAccessorImpl.newInstance(DelegatingConstructorAccessorImpl.java:45)
	at java.lang.reflect.Constructor.newInstance(Constructor.java:423)
	at org.openqa.selenium.remote.W3CHandshakeResponse.lambda$errorHandler$0(W3CHandshakeResponse.java:62)
	at org.openqa.selenium.remote.HandshakeResponse.lambda$getResponseFunction$0(HandshakeResponse.java:30)
	at org.openqa.selenium.remote.ProtocolHandshake.lambda$createSession$0(ProtocolHandshake.java:126)
	at java.util.stream.ReferencePipeline$3$1.accept(ReferencePipeline.java:193)
	at java.util.Spliterators$ArraySpliterator.tryAdvance(Spliterators.java:958)
	at java.util.stream.ReferencePipeline.forEachWithCancel(ReferencePipeline.java:126)
	at java.util.stream.AbstractPipeline.copyIntoWithCancel(AbstractPipeline.java:499)
	at java.util.stream.AbstractPipeline.copyInto(AbstractPipeline.java:486)
	at java.util.stream.AbstractPipeline.wrapAndCopyInto(AbstractPipeline.java:472)
	at java.util.stream.FindOps$FindOp.evaluateSequential(FindOps.java:152)
	at java.util.stream.AbstractPipeline.evaluate(AbstractPipeline.java:234)
	at java.util.stream.ReferencePipeline.findFirst(ReferencePipeline.java:464)
	at org.openqa.selenium.remote.ProtocolHandshake.createSession(ProtocolHandshake.java:128)
	at org.openqa.selenium.remote.ProtocolHandshake.createSession(ProtocolHandshake.java:74)
	at org.openqa.selenium.remote.HttpCommandExecutor.execute(HttpCommandExecutor.java:136)
	at org.openqa.selenium.remote.service.DriverCommandExecutor.execute(DriverCommandExecutor.java:83)
	at org.openqa.selenium.remote.RemoteWebDriver.execute(RemoteWebDriver.java:552)
	at org.openqa.selenium.remote.RemoteWebDriver.startSession(RemoteWebDriver.java:213)
	at org.openqa.selenium.remote.RemoteWebDriver.&lt;init&gt;(RemoteWebDriver.java:131)
	at org.openqa.selenium.chrome.ChromeDriver.&lt;init&gt;(ChromeDriver.java:181)
	at org.openqa.selenium.chrome.ChromeDriver.&lt;init&gt;(ChromeDriver.java:168)
	at org.openqa.selenium.chrome.ChromeDriver.&lt;init&gt;(ChromeDriver.java:123)
	at framework.Fw.be(Fw.java:93)
	at sun.reflect.NativeMethodAccessorImpl.invoke0(Native Method)
	at sun.reflect.NativeMethodAccessorImpl.invoke(NativeMethodAccessorImpl.java:62)
	at sun.reflect.DelegatingMethodAccessorImpl.invoke(DelegatingMethodAccessorImpl.java:43)
	at java.lang.reflect.Method.invoke(Method.java:498)
	at org.testng.internal.MethodInvocationHelper.invokeMethod(MethodInvocationHelper.java:86)
	at org.testng.internal.Invoker.invokeConfigurationMethod(Invoker.java:514)
	at org.testng.internal.Invoker.invokeConfigurations(Invoker.java:215)
	at org.testng.internal.Invoker.invokeMethod(Invoker.java:589)
	at org.testng.internal.Invoker.invokeTestMethod(Invoker.java:822)
	at org.testng.internal.Invoker.invokeTestMethods(Invoker.java:1130)
	at org.testng.internal.TestMethodWorker.invokeTestMethods(TestMethodWorker.java:129)
	at org.testng.internal.TestMethodWorker.run(TestMethodWorker.java:112)
	at org.testng.TestRunner.privateRun(TestRunner.java:782)
	at org.testng.TestRunner.run(TestRunner.java:632)
	at org.testng.SuiteRunner.runTest(SuiteRunner.java:366)
	at org.testng.SuiteRunner.runSequentially(SuiteRunner.java:361)
	at org.testng.SuiteRunner.privateRun(SuiteRunner.java:319)
	at org.testng.SuiteRunner.run(SuiteRunner.java:268)
	at org.testng.SuiteRunnerWorker.runSuite(SuiteRunnerWorker.java:52)
	at org.testng.SuiteRunnerWorker.run(SuiteRunnerWorker.java:86)
	at org.testng.TestNG.runSuitesSequentially(TestNG.java:1244)
	at org.testng.TestNG.runSuitesLocally(TestNG.java:1169)
	at org.testng.TestNG.run(TestNG.java:1064)
	at org.testng.remote.RemoteTestNG.run(RemoteTestNG.java:113)
	at org.testng.remote.RemoteTestNG.initAndRun(RemoteTestNG.java:206)
	at org.testng.remote.RemoteTestNG.main(RemoteTestNG.java:177)
</pre></div></td>
<td>0</td>
<td>framework.Fw@34c28c</td></tr>
</table><p>
<table width='100%' border='1' class='invocation-skipped'>
<tr><td colspan='4' align='center'><b>SKIPPED CONFIGURATIONS</b></td></tr>
<tr><td><b>Test method</b></td>
<td width="30%"><b>Exception</b></td>
<td width="10%"><b>Time (seconds)</b></td>
<td><b>Instance</b></td>
</tr>
<tr>
<td title='framework.Fw.be()'><b>be</b><br>Test class: framework.Fw</td>
<td></td>
<td>0</td>
<td>framework.Fw@34c28c</td></tr>
<tr>
<td title='framework.Fw.cls()'><b>cls</b><br>Test class: framework.Fw</td>
<td></td>
<td>0</td>
<td>framework.Fw@34c28c</td></tr>
<tr>
<td title='framework.Fw.cls()'><b>cls</b><br>Test class: framework.Fw</td>
<td></td>
<td>0</td>
<td>framework.Fw@34c28c</td></tr>
</table><p>
<table width='100%' border='1' class='invocation-skipped'>
<tr><td colspan='4' align='center'><b>SKIPPED TESTS</b></td></tr>
<tr><td><b>Test method</b></td>
<td width="30%"><b>Exception</b></td>
<td width="10%"><b>Time (seconds)</b></td>
<td><b>Instance</b></td>
</tr>
<tr>
<td title='framework.Fw.Tc1()'><b>Tc1</b><br>Test class: framework.Fw</td>
<td></td>
<td>0</td>
<td>framework.Fw@34c28c</td></tr>
<tr>
<td title='framework.Fw.Tc2()'><b>Tc2</b><br>Test class: framework.Fw</td>
<td></td>
<td>0</td>
<td>framework.Fw@34c28c</td></tr>
</table><p>
</body>
</html>